<?xml version="1.0" encoding="UTF-8"?>
<testng-results ignored="0" total="1" passed="1" failed="0" skipped="0">
  <reporter-output>
  </reporter-output>
  <suite started-at="2022-09-07T09:21:27 IST" name="Default suite" finished-at="2022-09-07T09:21:35 IST" duration-ms="8442">
    <groups>
    </groups>
    <test started-at="2022-09-07T09:21:27 IST" name="Default test" finished-at="2022-09-07T09:21:35 IST" duration-ms="8442">
      <class name="Locators.LocatrosWithXpathAndCSSSelector">
        <test-method signature="login()[pri:0, instance:Locators.LocatrosWithXpathAndCSSSelector@3c407114]" started-at="2022-09-07T09:21:27 IST" name="login" finished-at="2022-09-07T09:21:35 IST" duration-ms="8410" status="PASS">
          <reporter-output>
          </reporter-output>
        </test-method> <!-- login -->
      </class> <!-- Locators.LocatrosWithXpathAndCSSSelector -->
    </test> <!-- Default test -->
  </suite> <!-- Default suite -->
</testng-results>
